android/app/build/outputs/logs/manifest-merger-debug-report.txt
-- Merging decision tree log ---
manifest
ADDED from src/main/AndroidManifest.xml:1:1-97:12
INJECTED from src/main/AndroidManifest.xml:1:1-97:12
INJECTED from src/main/AndroidManifest.xml:1:1-97:12
INJECTED from src/main/AndroidManifest.xml:1:1-97:12
MERGED from src/main/AndroidManifest.xml:1:1-97:12
MERGED from [:react-native-firebase] AndroidManifest.xml:2:1-23:12
MERGED from [io.resu:ReAndroidSDK_52063985_91f2_49ce_9158_1ef708cae629:-SNAPSHOT] AndroidManifest.xml:2:1-44:12
MERGED from [:react-native-gesture-handler] AndroidManifest.xml:2:1-11:12
MERGED from [com.facebook.react:react-native:0.60.5] AndroidManifest.xml:2:1-13:12
MERGED from [com.google.firebase:firebase-messaging:18.0.0] AndroidManifest.xml:17:1-37:12
MERGED from [com.google.firebase:firebase-core:16.0.9] AndroidManifest.xml:2:1-9:12
MERGED from [com.google.firebase:firebase-analytics:16.5.0] AndroidManifest.xml:2:1-9:12
MERGED from [com.google.android.gms:play-services-measurement-api:16.5.0] AndroidManifest.xml:17:1-36:12
MERGED from [com.google.firebase:firebase-iid:18.0.0] AndroidManifest.xml:17:1-47:12
MERGED from [com.google.firebase:firebase-iid-interop:16.0.1] AndroidManifest.xml:2:1-10:12
MERGED from [com.google.android.gms:play-services-base:16.1.0] AndroidManifest.xml:17:1-29:12
MERGED from [me.leolin:ShortcutBadger:1.1.21] AndroidManifest.xml:2:1-52:12
MERGED from [org.webkit:android-jsc:r245459] AndroidManifest.xml:2:1-11:12
MERGED from [androidx.appcompat:appcompat:1.1.0] AndroidManifest.xml:17:1-24:12
MERGED from [com.facebook.fresco:fresco:2.0.0] AndroidManifest.xml:2:1-9:12
MERGED from [com.facebook.fresco:imagepipeline-okhttp3:2.0.0] AndroidManifest.xml:2:1-9:12
MERGED from [com.facebook.fresco:drawee:2.0.0] AndroidManifest.xml:2:1-9:12
MERGED from [com.facebook.fresco:nativeimagefilters:2.0.0] AndroidManifest.xml:2:1-9:12
MERGED from [com.facebook.fresco:imagepipeline:2.0.0] AndroidManifest.xml:2:1-9:12
MERGED from [com.facebook.fresco:nativeimagetranscoder:2.0.0] AndroidManifest.xml:2:1-9:12
MERGED from [com.facebook.fresco:imagepipeline-base:2.0.0] AndroidManifest.xml:2:1-9:12
MERGED from [com.facebook.soloader:soloader:0.6.0] AndroidManifest.xml:2:1-13:12
MERGED from [com.google.firebase:firebase-common:17.0.0] AndroidManifest.xml:2:1-19:12
MERGED from [com.google.android.gms:play-services-tasks:16.0.1] AndroidManifest.xml:2:1-9:12
MERGED from [com.google.firebase:firebase-measurement-connector:17.0.1] AndroidManifest.xml:17:1-25:12
MERGED from [com.google.android.gms:play-services-measurement:16.5.0] AndroidManifest.xml:17:1-55:12
MERGED from [com.google.android.gms:play-services-measurement-sdk:16.5.0] AndroidManifest.xml:17:1-25:12
MERGED from [com.google.android.gms:play-services-measurement-impl:16.5.0] AndroidManifest.xml:17:1-40:12
MERGED from [com.google.android.gms:play-services-stats:16.0.1] AndroidManifest.xml:2:1-9:12
MERGED from [com.google.android.gms:play-services-measurement-sdk-api:16.5.0] AndroidManifest.xml:17:1-40:12
MERGED from [com.google.android.gms:play-services-measurement-base:16.5.0] AndroidManifest.xml:2:1-9:12
MERGED from [com.google.android.gms:play-services-ads-identifier:16.0.0] AndroidManifest.xml:17:1-24:12
MERGED from [com.google.android.gms:play-services-basement:16.2.0] AndroidManifest.xml:17:1-28:12
MERGED from [androidx.legacy:legacy-support-v4:1.0.0] AndroidManifest.xml:17:1-22:12
MERGED from [androidx.multidex:multidex:2.0.0] AndroidManifest.xml:17:1-22:12
MERGED from [com.google.android.exoplayer:exoplayer-dash:2.7.3] AndroidManifest.xml:17:1-24:12
MERGED from [com.google.android.exoplayer:exoplayer-ui:2.7.3] AndroidManifest.xml:17:1-24:12
MERGED from [com.google.android.exoplayer:exoplayer-core:2.7.3] AndroidManifest.xml:17:1-24:12
MERGED from [com.github.bumptech.glide:glide:4.11.0] AndroidManifest.xml:2:1-12:12
MERGED from [androidx.cardview:cardview:1.0.0] AndroidManifest.xml:17:1-22:12
MERGED from [com.facebook.fresco:fbcore:2.0.0] AndroidManifest.xml:2:1-9:12
MERGED from [androidx.media:media:1.0.0] AndroidManifest.xml:17:1-22:12
MERGED from [androidx.legacy:legacy-support-core-ui:1.0.0] AndroidManifest.xml:17:1-22:12
MERGED from [androidx.legacy:legacy-support-core-utils:1.0.0] AndroidManifest.xml:17:1-22:12
MERGED from [androidx.fragment:fragment:1.1.0] AndroidManifest.xml:17:1-24:12
MERGED from [androidx.appcompat:appcompat-resources:1.1.0] AndroidManifest.xml:17:1-24:12
MERGED from [androidx.drawerlayout:drawerlayout:1.0.0] AndroidManifest.xml:17:1-22:12
MERGED from [androidx.loader:loader:1.0.0] AndroidManifest.xml:17:1-22:12
MERGED from [androidx.viewpager:viewpager:1.0.0] AndroidManifest.xml:17:1-22:12
MERGED from [androidx.coordinatorlayout:coordinatorlayout:1.0.0] AndroidManifest.xml:17:1-22:12
MERGED from [androidx.slidingpanelayout:slidingpanelayout:1.0.0] AndroidManifest.xml:17:1-22:12
MERGED from [androidx.customview:customview:1.0.0] AndroidManifest.xml:17:1-22:12
MERGED from [androidx.swiperefreshlayout:swiperefreshlayout:1.0.0] AndroidManifest.xml:17:1-22:12
MERGED from [androidx.asynclayoutinflater:asynclayoutinflater:1.0.0] AndroidManifest.xml:17:1-22:12
MERGED from [androidx.activity:activity:1.0.0] AndroidManifest.xml:17:1-24:12
MERGED from [androidx.vectordrawable:vectordrawable-animated:1.1.0] AndroidManifest.xml:17:1-24:12
MERGED from [androidx.vectordrawable:vectordrawable:1.1.0] AndroidManifest.xml:17:1-24:12
MERGED from [androidx.core:core:1.1.0] AndroidManifest.xml:17:1-26:12
MERGED from [androidx.cursoradapter:cursoradapter:1.0.0] AndroidManifest.xml:17:1-22:12
MERGED from [com.github.bumptech.glide:gifdecoder:4.11.0] AndroidManifest.xml:2:1-11:12
MERGED from [androidx.exifinterface:exifinterface:1.0.0] AndroidManifest.xml:17:1-22:12
MERGED from [androidx.documentfile:documentfile:1.0.0] AndroidManifest.xml:17:1-22:12
MERGED from [androidx.localbroadcastmanager:localbroadcastmanager:1.0.0] AndroidManifest.xml:17:1-22:12
MERGED from [androidx.print:print:1.0.0] AndroidManifest.xml:17:1-22:12
MERGED from [androidx.interpolator:interpolator:1.0.0] AndroidManifest.xml:17:1-22:12
MERGED from [androidx.versionedparcelable:versionedparcelable:1.1.0] AndroidManifest.xml:17:1-27:12
MERGED from [androidx.lifecycle:lifecycle-runtime:2.1.0] AndroidManifest.xml:17:1-22:12
MERGED from [androidx.lifecycle:lifecycle-viewmodel:2.1.0] AndroidManifest.xml:17:1-22:12
MERGED from [androidx.savedstate:savedstate:1.0.0] AndroidManifest.xml:17:1-24:12
MERGED from [androidx.lifecycle:lifecycle-livedata:2.0.0] AndroidManifest.xml:17:1-22:12
MERGED from [androidx.lifecycle:lifecycle-livedata-core:2.0.0] AndroidManifest.xml:17:1-22:12
MERGED from [androidx.arch.core:core-runtime:2.0.0] AndroidManifest.xml:17:1-22:12
INJECTED from src/debug/AndroidManifest.xml:2:1-8:12
INJECTED from src/debug/AndroidManifest.xml:2:1-8:12
INJECTED from src/debug/AndroidManifest.xml:2:1-8:12
	package
		ADDED from src/main/AndroidManifest.xml:2:5-33
		INJECTED from src/main/AndroidManifest.xml
		ADDED from src/main/AndroidManifest.xml:2:5-33
		INJECTED from src/debug/AndroidManifest.xml
	android:versionName
		INJECTED from src/main/AndroidManifest.xml
		ADDED from src/main/AndroidManifest.xml:1:1-97:12
		INJECTED from src/debug/AndroidManifest.xml
	xmlns:tools
		ADDED from src/debug/AndroidManifest.xml:3:5-51
	android:versionCode
		INJECTED from src/main/AndroidManifest.xml
		ADDED from src/main/AndroidManifest.xml:1:1-97:12
		INJECTED from src/debug/AndroidManifest.xml
	xmlns:android
		ADDED from src/main/AndroidManifest.xml:1:11-69
uses-permission#android.permission.INTERNET
ADDED from src/main/AndroidManifest.xml:4:5-67
MERGED from [:react-native-firebase] AndroidManifest.xml:11:5-67
MERGED from [:react-native-firebase] AndroidManifest.xml:11:5-67
MERGED from [io.resu:ReAndroidSDK_52063985_91f2_49ce_9158_1ef708cae629:-SNAPSHOT] AndroidManifest.xml:15:5-67
MERGED from [io.resu:ReAndroidSDK_52063985_91f2_49ce_9158_1ef708cae629:-SNAPSHOT] AndroidManifest.xml:15:5-67
MERGED from [com.google.android.gms:play-services-measurement-api:16.5.0] AndroidManifest.xml:22:5-67
MERGED from [com.google.android.gms:play-services-measurement-api:16.5.0] AndroidManifest.xml:22:5-67
MERGED from [com.google.firebase:firebase-iid:18.0.0] AndroidManifest.xml:23:5-67
MERGED from [com.google.firebase:firebase-iid:18.0.0] AndroidManifest.xml:23:5-67
MERGED from [com.google.android.gms:play-services-measurement:16.5.0] AndroidManifest.xml:23:5-67
MERGED from [com.google.android.gms:play-services-measurement:16.5.0] AndroidManifest.xml:23:5-67
MERGED from [com.google.android.gms:play-services-measurement-impl:16.5.0] AndroidManifest.xml:23:5-67
MERGED from [com.google.android.gms:play-services-measurement-impl:16.5.0] AndroidManifest.xml:23:5-67
MERGED from [com.google.android.gms:play-services-measurement-sdk-api:16.5.0] AndroidManifest.xml:23:5-67
MERGED from [com.google.android.gms:play-services-measurement-sdk-api:16.5.0] AndroidManifest.xml:23:5-67
	android:name
		ADDED from src/main/AndroidManifest.xml:4:22-64
uses-permission#android.permission.RECEIVE_BOOT_COMPLETED
ADDED from src/main/AndroidManifest.xml:5:5-81
	android:name
		ADDED from src/main/AndroidManifest.xml:5:22-78
uses-permission#android.permission.VIBRATE
ADDED from src/main/AndroidManifest.xml:6:5-66
	android:name
		ADDED from src/main/AndroidManifest.xml:6:22-63
application
ADDED from src/main/AndroidManifest.xml:8:5-95:19
MERGED from src/main/AndroidManifest.xml:8:5-95:19
MERGED from src/main/AndroidManifest.xml:8:5-95:19
MERGED from [:react-native-firebase] AndroidManifest.xml:15:5-21:19
MERGED from [:react-native-firebase] AndroidManifest.xml:15:5-21:19
MERGED from [io.resu:ReAndroidSDK_52063985_91f2_49ce_9158_1ef708cae629:-SNAPSHOT] AndroidManifest.xml:23:5-42:19
MERGED from [io.resu:ReAndroidSDK_52063985_91f2_49ce_9158_1ef708cae629:-SNAPSHOT] AndroidManifest.xml:23:5-42:19
MERGED from [com.facebook.react:react-native:0.60.5] AndroidManifest.xml:11:5-20
MERGED from [com.facebook.react:react-native:0.60.5] AndroidManifest.xml:11:5-20
MERGED from [com.google.firebase:firebase-messaging:18.0.0] AndroidManifest.xml:22:5-35:19
MERGED from [com.google.firebase:firebase-messaging:18.0.0] AndroidManifest.xml:22:5-35:19
MERGED from [com.google.firebase:firebase-core:16.0.9] AndroidManifest.xml:7:5-20
MERGED from [com.google.firebase:firebase-core:16.0.9] AndroidManifest.xml:7:5-20
MERGED from [com.google.firebase:firebase-analytics:16.5.0] AndroidManifest.xml:7:5-20
MERGED from [com.google.firebase:firebase-analytics:16.5.0] AndroidManifest.xml:7:5-20
MERGED from [com.google.android.gms:play-services-measurement-api:16.5.0] AndroidManifest.xml:26:5-34:19
MERGED from [com.google.android.gms:play-services-measurement-api:16.5.0] AndroidManifest.xml:26:5-34:19
MERGED from [com.google.firebase:firebase-iid:18.0.0] AndroidManifest.xml:28:5-45:19
MERGED from [com.google.firebase:firebase-iid:18.0.0] AndroidManifest.xml:28:5-45:19
MERGED from [com.google.firebase:firebase-iid-interop:16.0.1] AndroidManifest.xml:7:5-8:19
MERGED from [com.google.firebase:firebase-iid-interop:16.0.1] AndroidManifest.xml:7:5-8:19
MERGED from [com.google.android.gms:play-services-base:16.1.0] AndroidManifest.xml:22:5-27:19
MERGED from [com.google.android.gms:play-services-base:16.1.0] AndroidManifest.xml:22:5-27:19
MERGED from [com.facebook.soloader:soloader:0.6.0] AndroidManifest.xml:11:5-20
MERGED from [com.facebook.soloader:soloader:0.6.0] AndroidManifest.xml:11:5-20
MERGED from [com.google.firebase:firebase-common:17.0.0] AndroidManifest.xml:11:5-17:19
MERGED from [com.google.firebase:firebase-common:17.0.0] AndroidManifest.xml:11:5-17:19
MERGED from [com.google.android.gms:play-services-tasks:16.0.1] AndroidManifest.xml:7:5-20
MERGED from [com.google.android.gms:play-services-tasks:16.0.1] AndroidManifest.xml:7:5-20
MERGED from [com.google.firebase:firebase-measurement-connector:17.0.1] AndroidManifest.xml:22:5-23:19
MERGED from [com.google.firebase:firebase-measurement-connector:17.0.1] AndroidManifest.xml:22:5-23:19
MERGED from [com.google.android.gms:play-services-measurement:16.5.0] AndroidManifest.xml:28:5-53:19
MERGED from [com.google.android.gms:play-services-measurement:16.5.0] AndroidManifest.xml:28:5-53:19
MERGED from [com.google.android.gms:play-services-measurement-sdk:16.5.0] AndroidManifest.xml:22:5-23:19
MERGED from [com.google.android.gms:play-services-measurement-sdk:16.5.0] AndroidManifest.xml:22:5-23:19
MERGED from [com.google.android.gms:play-services-measurement-impl:16.5.0] AndroidManifest.xml:28:5-38:19
MERGED from [com.google.android.gms:play-services-measurement-impl:16.5.0] AndroidManifest.xml:28:5-38:19
MERGED from [com.google.android.gms:play-services-stats:16.0.1] AndroidManifest.xml:7:5-20
MERGED from [com.google.android.gms:play-services-stats:16.0.1] AndroidManifest.xml:7:5-20
MERGED from [com.google.android.gms:play-services-measurement-sdk-api:16.5.0] AndroidManifest.xml:28:5-38:19
MERGED from [com.google.android.gms:play-services-measurement-sdk-api:16.5.0] AndroidManifest.xml:28:5-38:19
MERGED from [com.google.android.gms:play-services-measurement-base:16.5.0] AndroidManifest.xml:7:5-20
MERGED from [com.google.android.gms:play-services-measurement-base:16.5.0] AndroidManifest.xml:7:5-20
MERGED from [com.google.android.gms:play-services-ads-identifier:16.0.0] AndroidManifest.xml:22:5-20
MERGED from [com.google.android.gms:play-services-ads-identifier:16.0.0] AndroidManifest.xml:22:5-20
MERGED from [com.google.android.gms:play-services-basement:16.2.0] AndroidManifest.xml:22:5-26:19
MERGED from [com.google.android.gms:play-services-basement:16.2.0] AndroidManifest.xml:22:5-26:19
MERGED from [com.github.bumptech.glide:glide:4.11.0] AndroidManifest.xml:10:5-20
MERGED from [com.github.bumptech.glide:glide:4.11.0] AndroidManifest.xml:10:5-20
MERGED from [androidx.core:core:1.1.0] AndroidManifest.xml:24:5-89
MERGED from [androidx.core:core:1.1.0] AndroidManifest.xml:24:5-89
MERGED from [com.github.bumptech.glide:gifdecoder:4.11.0] AndroidManifest.xml:9:5-20
MERGED from [com.github.bumptech.glide:gifdecoder:4.11.0] AndroidManifest.xml:9:5-20
MERGED from [androidx.versionedparcelable:versionedparcelable:1.1.0] AndroidManifest.xml:24:5-25:19
MERGED from [androidx.versionedparcelable:versionedparcelable:1.1.0] AndroidManifest.xml:24:5-25:19
	android:appComponentFactory
		ADDED from [androidx.core:core:1.1.0] AndroidManifest.xml:24:18-86
	android:supportsRtl
		ADDED from [io.resu:ReAndroidSDK_52063985_91f2_49ce_9158_1ef708cae629:-SNAPSHOT] AndroidManifest.xml:24:9-35
	android:label
		ADDED from src/main/AndroidManifest.xml:12:9-41
		ADDED from src/main/AndroidManifest.xml:12:9-41
	tools:ignore
		ADDED from src/debug/AndroidManifest.xml:7:75-114
	android:roundIcon
		ADDED from src/main/AndroidManifest.xml:13:9-54
		ADDED from src/main/AndroidManifest.xml:13:9-54
	tools:targetApi
		ADDED from src/debug/AndroidManifest.xml:7:54-74
	android:icon
		ADDED from src/main/AndroidManifest.xml:11:9-43
		ADDED from src/main/AndroidManifest.xml:11:9-43
	android:allowBackup
		ADDED from src/main/AndroidManifest.xml:10:9-36
		ADDED from src/main/AndroidManifest.xml:10:9-36
	android:theme
		ADDED from src/main/AndroidManifest.xml:14:9-40
		ADDED from src/main/AndroidManifest.xml:14:9-40
	android:usesCleartextTraffic
		ADDED from src/debug/AndroidManifest.xml:7:18-53
	android:name
		ADDED from src/main/AndroidManifest.xml:9:9-40
		ADDED from src/main/AndroidManifest.xml:9:9-40
activity#com.awesomeproject.MainActivity
ADDED from src/main/AndroidManifest.xml:15:9-37:20
	android:label
		ADDED from src/main/AndroidManifest.xml:18:13-45
	android:launchMode
		ADDED from src/main/AndroidManifest.xml:19:13-43
	android:windowSoftInputMode
		ADDED from src/main/AndroidManifest.xml:20:13-55
	android:configChanges
		ADDED from src/main/AndroidManifest.xml:17:13-83
	android:name
		ADDED from src/main/AndroidManifest.xml:16:13-59
intent-filter#action:name:android.intent.action.MAIN+category:name:android.intent.category.LAUNCHER
ADDED from src/main/AndroidManifest.xml:21:13-24:29
action#android.intent.action.MAIN
ADDED from src/main/AndroidManifest.xml:22:17-69
	android:name
		ADDED from src/main/AndroidManifest.xml:22:25-66
category#android.intent.category.LAUNCHER
ADDED from src/main/AndroidManifest.xml:23:17-77
	android:name
		ADDED from src/main/AndroidManifest.xml:23:27-74
intent-filter#action:name:android.intent.action.VIEW+category:name:android.intent.category.BROWSABLE+category:name:android.intent.category.DEFAULT+data:host:open+data:scheme:react
ADDED from src/main/AndroidManifest.xml:26:13-35:29
	android:autoVerify
		ADDED from src/main/AndroidManifest.xml:26:28-53
action#android.intent.action.VIEW
ADDED from src/main/AndroidManifest.xml:27:17-69
	android:name
		ADDED from src/main/AndroidManifest.xml:27:25-66
category#android.intent.category.DEFAULT
ADDED from src/main/AndroidManifest.xml:29:17-76
	android:name
		ADDED from src/main/AndroidManifest.xml:29:27-73
category#android.intent.category.BROWSABLE
ADDED from src/main/AndroidManifest.xml:30:17-78
	android:name
		ADDED from src/main/AndroidManifest.xml:30:27-75
data
ADDED from src/main/AndroidManifest.xml:32:17-34:46
	android:host
		ADDED from src/main/AndroidManifest.xml:33:21-40
	android:scheme
		ADDED from src/main/AndroidManifest.xml:34:21-43
activity#com.facebook.react.devsupport.DevSettingsActivity
ADDED from src/main/AndroidManifest.xml:39:9-41:46
	android:launchMode
		ADDED from src/main/AndroidManifest.xml:41:13-43
	android:name
		ADDED from src/main/AndroidManifest.xml:40:13-77
service#io.invertase.firebase.messaging.RNFirebaseMessagingService
ADDED from src/main/AndroidManifest.xml:43:9-47:19
	android:name
		ADDED from src/main/AndroidManifest.xml:43:18-91
intent-filter#action:name:com.google.firebase.MESSAGING_EVENT
ADDED from src/main/AndroidManifest.xml:44:13-46:29
action#com.google.firebase.MESSAGING_EVENT
ADDED from src/main/AndroidManifest.xml:45:17-78
	android:name
		ADDED from src/main/AndroidManifest.xml:45:25-75
service#io.invertase.firebase.messaging.RNFirebaseBackgroundMessagingService
ADDED from src/main/AndroidManifest.xml:50:9-54:19
	android:name
		ADDED from src/main/AndroidManifest.xml:50:18-101
meta-data#com.google.firebase.messaging.default_notification_icon
ADDED from src/main/AndroidManifest.xml:57:9-59:54
	android:resource
		ADDED from src/main/AndroidManifest.xml:59:13-51
	android:name
		ADDED from src/main/AndroidManifest.xml:58:13-83
meta-data#com.google.firebase.messaging.default_notification_channel_id
ADDED from src/main/AndroidManifest.xml:60:9-62:50
	android:value
		ADDED from src/main/AndroidManifest.xml:62:13-47
	android:name
		ADDED from src/main/AndroidManifest.xml:61:13-89
meta-data#resulticks.default_notification_icon
ADDED from src/main/AndroidManifest.xml:64:9-66:56
	android:resource
		ADDED from src/main/AndroidManifest.xml:66:13-53
	android:name
		ADDED from src/main/AndroidManifest.xml:65:13-64
meta-data#resulticks.default_notification_icon_transparent
ADDED from src/main/AndroidManifest.xml:68:9-70:56
	android:resource
		ADDED from src/main/AndroidManifest.xml:70:13-53
	android:name
		ADDED from src/main/AndroidManifest.xml:69:13-76
meta-data#resulticks.default_notification_color
ADDED from src/main/AndroidManifest.xml:72:9-74:52
	android:resource
		ADDED from src/main/AndroidManifest.xml:74:13-49
	android:name
		ADDED from src/main/AndroidManifest.xml:73:13-65
meta-data#resulticks.key
ADDED from src/main/AndroidManifest.xml:75:9-77:76
	android:value
		ADDED from src/main/AndroidManifest.xml:77:13-73
	android:name
		ADDED from src/main/AndroidManifest.xml:76:13-42
receiver#io.invertase.firebase.notifications.RNFirebaseNotificationReceiver
ADDED from src/main/AndroidManifest.xml:80:9-103
	android:name
		ADDED from src/main/AndroidManifest.xml:80:19-100
receiver#io.invertase.firebase.notifications.RNFirebaseNotificationsRebootReceiver
ADDED from src/main/AndroidManifest.xml:81:9-92:20
	android:enabled
		ADDED from src/main/AndroidManifest.xml:83:13-35
	android:exported
		ADDED from src/main/AndroidManifest.xml:84:13-36
	android:name
		ADDED from src/main/AndroidManifest.xml:82:13-101
intent-filter#action:name:android.intent.action.BOOT_COMPLETED+action:name:android.intent.action.QUICKBOOT_POWERON+action:name:com.htc.intent.action.QUICKBOOT_POWERON+category:name:android.intent.category.DEFAULT
ADDED from src/main/AndroidManifest.xml:85:13-91:29
action#android.intent.action.BOOT_COMPLETED
ADDED from src/main/AndroidManifest.xml:86:17-79
	android:name
		ADDED from src/main/AndroidManifest.xml:86:25-76
action#android.intent.action.QUICKBOOT_POWERON
ADDED from src/main/AndroidManifest.xml:87:17-82
	android:name
		ADDED from src/main/AndroidManifest.xml:87:25-79
action#com.htc.intent.action.QUICKBOOT_POWERON
ADDED from src/main/AndroidManifest.xml:88:17-82
	android:name
		ADDED from src/main/AndroidManifest.xml:88:25-79
uses-sdk
INJECTED from src/main/AndroidManifest.xml reason: use-sdk injection requested
INJECTED from src/main/AndroidManifest.xml
INJECTED from src/main/AndroidManifest.xml
MERGED from [:react-native-firebase] AndroidManifest.xml:7:5-9:41
MERGED from [:react-native-firebase] AndroidManifest.xml:7:5-9:41
MERGED from [io.resu:ReAndroidSDK_52063985_91f2_49ce_9158_1ef708cae629:-SNAPSHOT] AndroidManifest.xml:7:5-9:41
MERGED from [io.resu:ReAndroidSDK_52063985_91f2_49ce_9158_1ef708cae629:-SNAPSHOT] AndroidManifest.xml:7:5-9:41
MERGED from [:react-native-gesture-handler] AndroidManifest.xml:7:5-9:41
MERGED from [:react-native-gesture-handler] AndroidManifest.xml:7:5-9:41
MERGED from [com.facebook.react:react-native:0.60.5] AndroidManifest.xml:7:5-9:41
MERGED from [com.facebook.react:react-native:0.60.5] AndroidManifest.xml:7:5-9:41
MERGED from [com.google.firebase:firebase-messaging:18.0.0] AndroidManifest.xml:20:5-44
MERGED from [com.google.firebase:firebase-messaging:18.0.0] AndroidManifest.xml:20:5-44
MERGED from [com.google.firebase:firebase-core:16.0.9] AndroidManifest.xml:5:5-44
MERGED from [com.google.firebase:firebase-core:16.0.9] AndroidManifest.xml:5:5-44
MERGED from [com.google.firebase:firebase-analytics:16.5.0] AndroidManifest.xml:5:5-44
MERGED from [com.google.firebase:firebase-analytics:16.5.0] AndroidManifest.xml:5:5-44
MERGED from [com.google.android.gms:play-services-measurement-api:16.5.0] AndroidManifest.xml:20:5-44
MERGED from [com.google.android.gms:play-services-measurement-api:16.5.0] AndroidManifest.xml:20:5-44
MERGED from [com.google.firebase:firebase-iid:18.0.0] AndroidManifest.xml:20:5-44
MERGED from [com.google.firebase:firebase-iid:18.0.0] AndroidManifest.xml:20:5-44
MERGED from [com.google.firebase:firebase-iid-interop:16.0.1] AndroidManifest.xml:5:5-44
MERGED from [com.google.firebase:firebase-iid-interop:16.0.1] AndroidManifest.xml:5:5-44
MERGED from [com.google.android.gms:play-services-base:16.1.0] AndroidManifest.xml:20:5-44
MERGED from [com.google.android.gms:play-services-base:16.1.0] AndroidManifest.xml:20:5-44
MERGED from [me.leolin:ShortcutBadger:1.1.21] AndroidManifest.xml:7:5-9:41
MERGED from [me.leolin:ShortcutBadger:1.1.21] AndroidManifest.xml:7:5-9:41
MERGED from [org.webkit:android-jsc:r245459] AndroidManifest.xml:7:5-9:41
MERGED from [org.webkit:android-jsc:r245459] AndroidManifest.xml:7:5-9:41
MERGED from [androidx.appcompat:appcompat:1.1.0] AndroidManifest.xml:20:5-22:41
MERGED from [androidx.appcompat:appcompat:1.1.0] AndroidManifest.xml:20:5-22:41
MERGED from [com.facebook.fresco:fresco:2.0.0] AndroidManifest.xml:5:5-7:41
MERGED from [com.facebook.fresco:fresco:2.0.0] AndroidManifest.xml:5:5-7:41
MERGED from [com.facebook.fresco:imagepipeline-okhttp3:2.0.0] AndroidManifest.xml:5:5-7:41
MERGED from [com.facebook.fresco:imagepipeline-okhttp3:2.0.0] AndroidManifest.xml:5:5-7:41
MERGED from [com.facebook.fresco:drawee:2.0.0] AndroidManifest.xml:5:5-7:41
MERGED from [com.facebook.fresco:drawee:2.0.0] AndroidManifest.xml:5:5-7:41
MERGED from [com.facebook.fresco:nativeimagefilters:2.0.0] AndroidManifest.xml:5:5-7:41
MERGED from [com.facebook.fresco:nativeimagefilters:2.0.0] AndroidManifest.xml:5:5-7:41
MERGED from [com.facebook.fresco:imagepipeline:2.0.0] AndroidManifest.xml:5:5-7:41
MERGED from [com.facebook.fresco:imagepipeline:2.0.0] AndroidManifest.xml:5:5-7:41
MERGED from [com.facebook.fresco:nativeimagetranscoder:2.0.0] AndroidManifest.xml:5:5-7:41
MERGED from [com.facebook.fresco:nativeimagetranscoder:2.0.0] AndroidManifest.xml:5:5-7:41
MERGED from [com.facebook.fresco:imagepipeline-base:2.0.0] AndroidManifest.xml:5:5-7:41
MERGED from [com.facebook.fresco:imagepipeline-base:2.0.0] AndroidManifest.xml:5:5-7:41
MERGED from [com.facebook.soloader:soloader:0.6.0] AndroidManifest.xml:7:5-9:41
MERGED from [com.facebook.soloader:soloader:0.6.0] AndroidManifest.xml:7:5-9:41
MERGED from [com.google.firebase:firebase-common:17.0.0] AndroidManifest.xml:6:5-8:41
MERGED from [com.google.firebase:firebase-common:17.0.0] AndroidManifest.xml:6:5-8:41
MERGED from [com.google.android.gms:play-services-tasks:16.0.1] AndroidManifest.xml:5:5-44
MERGED from [com.google.android.gms:play-services-tasks:16.0.1] AndroidManifest.xml:5:5-44
MERGED from [com.google.firebase:firebase-measurement-connector:17.0.1] AndroidManifest.xml:20:5-44
MERGED from [com.google.firebase:firebase-measurement-connector:17.0.1] AndroidManifest.xml:20:5-44
MERGED from [com.google.android.gms:play-services-measurement:16.5.0] AndroidManifest.xml:20:5-44
MERGED from [com.google.android.gms:play-services-measurement:16.5.0] AndroidManifest.xml:20:5-44
MERGED from [com.google.android.gms:play-services-measurement-sdk:16.5.0] AndroidManifest.xml:20:5-44
MERGED from [com.google.android.gms:play-services-measurement-sdk:16.5.0] AndroidManifest.xml:20:5-44
MERGED from [com.google.android.gms:play-services-measurement-impl:16.5.0] AndroidManifest.xml:20:5-44
MERGED from [com.google.android.gms:play-services-measurement-impl:16.5.0] AndroidManifest.xml:20:5-44
MERGED from [com.google.android.gms:play-services-stats:16.0.1] AndroidManifest.xml:5:5-44
MERGED from [com.google.android.gms:play-services-stats:16.0.1] AndroidManifest.xml:5:5-44
MERGED from [com.google.android.gms:play-services-measurement-sdk-api:16.5.0] AndroidManifest.xml:20:5-44
MERGED from [com.google.android.gms:play-services-measurement-sdk-api:16.5.0] AndroidManifest.xml:20:5-44
MERGED from [com.google.android.gms:play-services-measurement-base:16.5.0] AndroidManifest.xml:5:5-44
MERGED from [com.google.android.gms:play-services-measurement-base:16.5.0] AndroidManifest.xml:5:5-44
MERGED from [com.google.android.gms:play-services-ads-identifier:16.0.0] AndroidManifest.xml:20:5-44
MERGED from [com.google.android.gms:play-services-ads-identifier:16.0.0] AndroidManifest.xml:20:5-44
MERGED from [com.google.android.gms:play-services-basement:16.2.0] AndroidManifest.xml:20:5-44
MERGED from [com.google.android.gms:play-services-basement:16.2.0] AndroidManifest.xml:20:5-44
MERGED from [androidx.legacy:legacy-support-v4:1.0.0] AndroidManifest.xml:20:5-44
MERGED from [androidx.legacy:legacy-support-v4:1.0.0] AndroidManifest.xml:20:5-44
MERGED from [androidx.multidex:multidex:2.0.0] AndroidManifest.xml:20:5-43
MERGED from [androidx.multidex:multidex:2.0.0] AndroidManifest.xml:20:5-43
MERGED from [com.google.android.exoplayer:exoplayer-dash:2.7.3] AndroidManifest.xml:20:5-22:41
MERGED from [com.google.android.exoplayer:exoplayer-dash:2.7.3] AndroidManifest.xml:20:5-22:41
MERGED from [com.google.android.exoplayer:exoplayer-ui:2.7.3] AndroidManifest.xml:20:5-22:41
MERGED from [com.google.android.exoplayer:exoplayer-ui:2.7.3] AndroidManifest.xml:20:5-22:41
MERGED from [com.google.android.exoplayer:exoplayer-core:2.7.3] AndroidManifest.xml:20:5-22:41
MERGED from [com.google.android.exoplayer:exoplayer-core:2.7.3] AndroidManifest.xml:20:5-22:41
MERGED from [com.github.bumptech.glide:glide:4.11.0] AndroidManifest.xml:6:5-8:41
MERGED from [com.github.bumptech.glide:glide:4.11.0] AndroidManifest.xml:6:5-8:41
MERGED from [androidx.cardview:cardview:1.0.0] AndroidManifest.xml:20:5-44
MERGED from [androidx.cardview:cardview:1.0.0] AndroidManifest.xml:20:5-44
MERGED from [com.facebook.fresco:fbcore:2.0.0] AndroidManifest.xml:5:5-7:41
MERGED from [com.facebook.fresco:fbcore:2.0.0] AndroidManifest.xml:5:5-7:41
MERGED from [androidx.media:media:1.0.0] AndroidManifest.xml:20:5-44
MERGED from [androidx.media:media:1.0.0] AndroidManifest.xml:20:5-44
MERGED from [androidx.legacy:legacy-support-core-ui:1.0.0] AndroidManifest.xml:20:5-44
MERGED from [androidx.legacy:legacy-support-core-ui:1.0.0] AndroidManifest.xml:20:5-44
MERGED from [androidx.legacy:legacy-support-core-utils:1.0.0] AndroidManifest.xml:20:5-44
MERGED from [androidx.legacy:legacy-support-core-utils:1.0.0] AndroidManifest.xml:20:5-44
MERGED from [androidx.fragment:fragment:1.1.0] AndroidManifest.xml:20:5-22:41
MERGED from [androidx.fragment:fragment:1.1.0] AndroidManifest.xml:20:5-22:41
MERGED from [androidx.appcompat:appcompat-resources:1.1.0] AndroidManifest.xml:20:5-22:41
MERGED from [androidx.appcompat:appcompat-resources:1.1.0] AndroidManifest.xml:20:5-22:41
MERGED from [androidx.drawerlayout:drawerlayout:1.0.0] AndroidManifest.xml:20:5-44
MERGED from [androidx.drawerlayout:drawerlayout:1.0.0] AndroidManifest.xml:20:5-44
MERGED from [androidx.loader:loader:1.0.0] AndroidManifest.xml:20:5-44
MERGED from [androidx.loader:loader:1.0.0] AndroidManifest.xml:20:5-44
MERGED from [androidx.viewpager:viewpager:1.0.0] AndroidManifest.xml:20:5-44
MERGED from [androidx.viewpager:viewpager:1.0.0] AndroidManifest.xml:20:5-44
MERGED from [androidx.coordinatorlayout:coordinatorlayout:1.0.0] AndroidManifest.xml:20:5-44
MERGED from [androidx.coordinatorlayout:coordinatorlayout:1.0.0] AndroidManifest.xml:20:5-44
MERGED from [androidx.slidingpanelayout:slidingpanelayout:1.0.0] AndroidManifest.xml:20:5-44
MERGED from [androidx.slidingpanelayout:slidingpanelayout:1.0.0] AndroidManifest.xml:20:5-44
MERGED from [androidx.customview:customview:1.0.0] AndroidManifest.xml:20:5-44